Сборка начата 18.12.2025 01:08:15.
Уровень детализации журнала: Normal.     1>Проект "D:\COURSE_2\3_SEM\KPO\BDV-2025\Assembler\Assembler.vcxproj" в узле 2 (целевые объекты Build).
     1>PrepareForBuild:
         Структурированный вывод включен. Форматирование диагностики компилятора будет отражать иерархию ошибок. Подробнее см. https://aka.ms/cpp/structured-output.
       InitializeBuildStatus:
         Создание "Debug\Assembler.tlog\unsuccessfulbuild", так как было задано "AlwaysCreate".
         Обращение к "Debug\Assembler.tlog\unsuccessfulbuild".
       _MASM:
         Assembling out.asm...
         cmd.exe /C "C:\Users\uunn2\AppData\Local\Temp\tmp44155d104b6b4f158a01ab4b436e42aa.cmd"
         ml.exe /c /nologo /Zi /Fo"Debug\out.obj" /Fl"Debug\\" /W3 /errorReport:prompt  /Taout.asm
       Link:
         C:\Program Files\Microsoft Visual Studio\2022\Community\VC\Tools\MSVC\14.44.35207\bin\HostX86\x86\link.exe /ERRORREPORT:PROMPT /OUT:"D:\COURSE_2\3_SEM\KPO\BDV-2025\Debug\Assembler.exe" /INCREMENTAL /ILK:"Debug\Assembler.ilk" /NOLOGO kernel32.lib user32.lib gdi32.lib winspool.lib comdlg32.lib advapi32.lib shell32.lib ole32.lib oleaut32.lib uuid.lib odbc32.lib odbccp32.lib /MANIFEST /MANIFESTUAC:"level='asInvoker' uiAccess='false'" /manifest:embed /DEBUG /PDB:"D:\COURSE_2\3_SEM\KPO\BDV-2025\Debug\Assembler.pdb" /SUBSYSTEM:CONSOLE /TLBID:1 /DYNAMICBASE /NXCOMPAT /IMPLIB:"D:\COURSE_2\3_SEM\KPO\BDV-2025\Debug\Assembler.lib" /MACHINE:X86 Debug\out.obj
         Assembler.vcxproj -> D:\COURSE_2\3_SEM\KPO\BDV-2025\Debug\Assembler.exe
       FinalizeBuildStatus:
         Файл "Debug\Assembler.tlog\unsuccessfulbuild" удаляется.
         Обращение к "Debug\Assembler.tlog\Assembler.lastbuildstate".
     1>Сборка проекта "D:\COURSE_2\3_SEM\KPO\BDV-2025\Assembler\Assembler.vcxproj" завершена (целевые объекты Build).

Сборка успешно завершена.
    Предупреждений: 0
    Ошибок: 0

Прошло времени 00:00:00.36
